# JRE version: OpenJDK Runtime Environment (8.0_171-b11) (build 1.8.0_171-8u171-b11-0ubuntu0.16.04.1-b11)
# Java VM: OpenJDK 64-Bit Server VM (25.171-b11 mixed mode linux-amd64 compressed oops)
Heap:
 garbage-first heap   total 262144K, used 168096K [0x00000000c0000000, 0x00000000c0100800, 0x0000000100000000)
  region size 1024K, 106 young (108544K), 5 survivors (5120K)
 Metaspace       used 94880K, capacity 105148K, committed 105344K, reserved 1140736K
  class space    used 11208K, capacity 14099K, committed 14208K, reserved 1048576K
GC Heap History (10 events):
Event: 46758,478 GC heap before
{Heap before GC invocations=92 (full 0):
 garbage-first heap   total 262144K, used 216010K [0x00000000c0000000, 0x00000000c0100800, 0x0000000100000000)
  region size 1024K, 153 young (156672K), 5 survivors (5120K)
 Metaspace       used 93192K, capacity 103494K, committed 103552K, reserved 1138688K
  class space    used 11052K, capacity 13934K, committed 13952K, reserved 1048576K
Event: 46758,497 GC heap after
Heap after GC invocations=93 (full 0):
 garbage-first heap   total 262144K, used 64425K [0x00000000c0000000, 0x00000000c0100800, 0x0000000100000000)
  region size 1024K, 5 young (5120K), 5 survivors (5120K)
 Metaspace       used 93192K, capacity 103494K, committed 103552K, reserved 1138688K
  class space    used 11052K, capacity 13934K, committed 13952K, reserved 1048576K
}
Event: 46759,599 GC heap before
{Heap before GC invocations=93 (full 0):
 garbage-first heap   total 262144K, used 215977K [0x00000000c0000000, 0x00000000c0100800, 0x0000000100000000)
  region size 1024K, 153 young (156672K), 5 survivors (5120K)
 Metaspace       used 93192K, capacity 103494K, committed 103552K, reserved 1138688K
  class space    used 11052K, capacity 13934K, committed 13952K, reserved 1048576K
Event: 46759,640 GC heap after
Heap after GC invocations=94 (full 0):
 garbage-first heap   total 262144K, used 63709K [0x00000000c0000000, 0x00000000c0100800, 0x0000000100000000)
  region size 1024K, 4 young (4096K), 4 survivors (4096K)
 Metaspace       used 93192K, capacity 103494K, committed 103552K, reserved 1138688K
  class space    used 11052K, capacity 13934K, committed 13952K, reserved 1048576K
}
Event: 46760,511 GC heap before
{Heap before GC invocations=94 (full 0):
 garbage-first heap   total 262144K, used 216285K [0x00000000c0000000, 0x00000000c0100800, 0x0000000100000000)
  region size 1024K, 153 young (156672K), 4 survivors (4096K)
 Metaspace       used 93192K, capacity 103494K, committed 103552K, reserved 1138688K
  class space    used 11052K, capacity 13934K, committed 13952K, reserved 1048576K
Event: 46760,564 GC heap after
Heap after GC invocations=95 (full 0):
 garbage-first heap   total 262144K, used 63536K [0x00000000c0000000, 0x00000000c0100800, 0x0000000100000000)
  region size 1024K, 3 young (3072K), 3 survivors (3072K)
 Metaspace       used 93192K, capacity 103494K, committed 103552K, reserved 1138688K
  class space    used 11052K, capacity 13934K, committed 13952K, reserved 1048576K
}
Event: 46761,674 GC heap before
{Heap before GC invocations=95 (full 0):
 garbage-first heap   total 262144K, used 217136K [0x00000000c0000000, 0x00000000c0100800, 0x0000000100000000)
  region size 1024K, 153 young (156672K), 3 survivors (3072K)
 Metaspace       used 93192K, capacity 103494K, committed 103552K, reserved 1138688K
  class space    used 11052K, capacity 13934K, committed 13952K, reserved 1048576K
Event: 46761,717 GC heap after
Heap after GC invocations=96 (full 0):
 garbage-first heap   total 262144K, used 63323K [0x00000000c0000000, 0x00000000c0100800, 0x0000000100000000)
  region size 1024K, 3 young (3072K), 3 survivors (3072K)
 Metaspace       used 93192K, capacity 103494K, committed 103552K, reserved 1138688K
  class space    used 11052K, capacity 13934K, committed 13952K, reserved 1048576K
}
Event: 46882,521 GC heap before
{Heap before GC invocations=96 (full 0):
 garbage-first heap   total 262144K, used 216923K [0x00000000c0000000, 0x00000000c0100800, 0x0000000100000000)
  region size 1024K, 153 young (156672K), 3 survivors (3072K)
 Metaspace       used 93283K, capacity 103628K, committed 103808K, reserved 1138688K
  class space    used 11056K, capacity 13935K, committed 13952K, reserved 1048576K
Event: 46882,536 GC heap after
Heap after GC invocations=97 (full 0):
 garbage-first heap   total 262144K, used 65696K [0x00000000c0000000, 0x00000000c0100800, 0x0000000100000000)
  region size 1024K, 5 young (5120K), 5 survivors (5120K)
 Metaspace       used 93283K, capacity 103628K, committed 103808K, reserved 1138688K
  class space    used 11056K, capacity 13935K, committed 13952K, reserved 1048576K
}

