# JRE version: OpenJDK Runtime Environment (8.0_171-b11) (build 1.8.0_171-8u171-b11-0ubuntu0.16.04.1-b11)
# Java VM: OpenJDK 64-Bit Server VM (25.171-b11 mixed mode linux-amd64 compressed oops)
Heap:
 garbage-first heap   total 262144K, used 202460K [0x00000000c0000000, 0x00000000c0100800, 0x0000000100000000)
  region size 1024K, 138 young (141312K), 9 survivors (9216K)
 Metaspace       used 91048K, capacity 100910K, committed 101144K, reserved 1136640K
  class space    used 10845K, capacity 13723K, committed 13848K, reserved 1048576K
GC Heap History (10 events):
Event: 197,086 GC heap before
{Heap before GC invocations=15 (full 0):
 garbage-first heap   total 262144K, used 218844K [0x00000000c0000000, 0x00000000c0100800, 0x0000000100000000)
  region size 1024K, 153 young (156672K), 7 survivors (7168K)
 Metaspace       used 88469K, capacity 98202K, committed 98328K, reserved 1134592K
  class space    used 10652K, capacity 13492K, committed 13592K, reserved 1048576K
Event: 197,106 GC heap after
Heap after GC invocations=16 (full 0):
 garbage-first heap   total 262144K, used 69851K [0x00000000c0000000, 0x00000000c0100800, 0x0000000100000000)
  region size 1024K, 7 young (7168K), 7 survivors (7168K)
 Metaspace       used 88469K, capacity 98202K, committed 98328K, reserved 1134592K
  class space    used 10652K, capacity 13492K, committed 13592K, reserved 1048576K
}
Event: 262,797 GC heap before
{Heap before GC invocations=16 (full 0):
 garbage-first heap   total 262144K, used 219355K [0x00000000c0000000, 0x00000000c0100800, 0x0000000100000000)
  region size 1024K, 153 young (156672K), 7 survivors (7168K)
 Metaspace       used 88672K, capacity 98444K, committed 98584K, reserved 1134592K
  class space    used 10669K, capacity 13502K, committed 13592K, reserved 1048576K
Event: 262,818 GC heap after
Heap after GC invocations=17 (full 0):
 garbage-first heap   total 262144K, used 69851K [0x00000000c0000000, 0x00000000c0100800, 0x0000000100000000)
  region size 1024K, 7 young (7168K), 7 survivors (7168K)
 Metaspace       used 88672K, capacity 98444K, committed 98584K, reserved 1134592K
  class space    used 10669K, capacity 13502K, committed 13592K, reserved 1048576K
}
Event: 292,292 GC heap before
{Heap before GC invocations=17 (full 0):
 garbage-first heap   total 262144K, used 219355K [0x00000000c0000000, 0x00000000c0100800, 0x0000000100000000)
  region size 1024K, 153 young (156672K), 7 survivors (7168K)
 Metaspace       used 88718K, capacity 98450K, committed 98584K, reserved 1134592K
  class space    used 10672K, capacity 13503K, committed 13592K, reserved 1048576K
Event: 292,310 GC heap after
Heap after GC invocations=18 (full 0):
 garbage-first heap   total 262144K, used 69851K [0x00000000c0000000, 0x00000000c0100800, 0x0000000100000000)
  region size 1024K, 7 young (7168K), 7 survivors (7168K)
 Metaspace       used 88718K, capacity 98450K, committed 98584K, reserved 1134592K
  class space    used 10672K, capacity 13503K, committed 13592K, reserved 1048576K
}
Event: 317,622 GC heap before
{Heap before GC invocations=18 (full 0):
 garbage-first heap   total 262144K, used 219355K [0x00000000c0000000, 0x00000000c0100800, 0x0000000100000000)
  region size 1024K, 153 young (156672K), 7 survivors (7168K)
 Metaspace       used 88958K, capacity 98706K, committed 98840K, reserved 1134592K
  class space    used 10677K, capacity 13503K, committed 13592K, reserved 1048576K
Event: 317,644 GC heap after
Heap after GC invocations=19 (full 0):
 garbage-first heap   total 262144K, used 69851K [0x00000000c0000000, 0x00000000c0100800, 0x0000000100000000)
  region size 1024K, 7 young (7168K), 7 survivors (7168K)
 Metaspace       used 88958K, capacity 98706K, committed 98840K, reserved 1134592K
  class space    used 10677K, capacity 13503K, committed 13592K, reserved 1048576K
}
Event: 924,523 GC heap before
{Heap before GC invocations=19 (full 0):
 garbage-first heap   total 262144K, used 219355K [0x00000000c0000000, 0x00000000c0100800, 0x0000000100000000)
  region size 1024K, 153 young (156672K), 7 survivors (7168K)
 Metaspace       used 89465K, capacity 99268K, committed 99352K, reserved 1134592K
  class space    used 10696K, capacity 13550K, committed 13592K, reserved 1048576K
Event: 924,541 GC heap after
Heap after GC invocations=20 (full 0):
 garbage-first heap   total 262144K, used 71388K [0x00000000c0000000, 0x00000000c0100800, 0x0000000100000000)
  region size 1024K, 9 young (9216K), 9 survivors (9216K)
 Metaspace       used 89465K, capacity 99268K, committed 99352K, reserved 1134592K
  class space    used 10696K, capacity 13550K, committed 13592K, reserved 1048576K
}

